<?xml version="1.0" encoding="UTF-8"?>
<!-- Generated by org.testng.reporters.JUnitReportReporter -->
<testsuite skipped="0" hostname="Lenovo-PC" name="com.test.base.GetTestCall" tests="2" failures="0" timestamp="2021-05-06T19:00:19 IST" time="1.009" errors="0">
  <testcase name="testgetcall" time="0.991" classname="com.test.base.GetTestCall"/>
  <system-out/>
  <testcase name="testgetcallResponse" time="0.018" classname="com.test.base.GetTestCall"/>
  <system-out/>
</testsuite> <!-- com.test.base.GetTestCall -->
