<?xml version="1.0" encoding="UTF-8"?>
<!-- Generated by org.testng.reporters.JUnitReportReporter -->
<testsuite skipped="0" hostname="Lenovo-PC" name="com.test.config.userpath" tests="1" failures="0" timestamp="2021-05-06T18:00:50 IST" time="0.060" errors="0">
  <testcase name="userpathfind" time="0.060" classname="com.test.config.userpath"/>
  <system-out/>
</testsuite> <!-- com.test.config.userpath -->
